    Student GPSS/H Release 3.70 (CT256)      8 Oct 2018   11:10:23     File: 116.gps

    Line# Stmt#  If Do  Block#  *Loc	Operation	A,B,C,D,E,F,G	Comments  
 
        1     1                        SIMULATE
        2     2              1         GENERATE   5,1         
        3     3              2         QUEUE      AAA
        4     4              3         SEIZE      MEM
        5     5              4         DEPART     AAA      
        6     6              5         ADVANCE    7      
        7     7              6         RELEASE    MEM     
        8     8              7         TERMINATE  1
        9     9                  
       10    10                        START      40  
       11    11                        END

Entity Dictionary (in ascending order by entity number; "*" => value conflict.)

       Facilities: 1=MEM

           Queues: 1=AAA

Symbol   Value   EQU Defns  Context      References by Statement Number
 
MEM          1              Facility         4     7
 
AAA          1              Queue            3     5



Storage Requirements (Bytes)

Compiled Code:      206
Compiled Data:       40
Miscellaneous:        0
Entities:           368
Common:           10000
-----------------------
Total:            10614



GPSS/H Model Size:

Control Statements      3
Blocks                  7



Simulation begins.

Relative Clock: 284.5406   Absolute Clock: 284.5406



Block Current     Total  
1                    56 
2          16        56 
3                    40 
4                    40 
5                    40 
6                    40 
7                    40 



          --Avg-Util-During--                                                               
Facility  Total  Avail  Unavl     Entries    Average   Current  Percent  Seizing  Preempting
           Time   Time   Time               Time/Xact   Status   Avail     Xact      Xact   
     MEM  0.984                        40       7.000    AVAIL                  



   Queue     Maximum      Average       Total        Zero     Percent      Average      $Average     Qtable     Current
            Contents     Contents      Entries     Entries     Zeros      Time/Unit    Time/Unit     Number    Contents
     AAA          16        7.561          56           1        1.8        38.416        39.114                     16



  Random    Antithetic     Initial     Current      Sample   Chi-Square
  Stream      Variates    Position    Position       Count   Uniformity
       1           OFF      100000      100057          57       N/A



Status of Common Storage

    7688 bytes available
    2312 in use
    2424 used (max)

Simulation complete.  Absolute Clock: 284.5406



Total Block Executions: 312

Blocks / second:        5098135

Microseconds / Block:   0.20



Elapsed Time Used (Sec)
 
Pass1:           0.01
Sym/Xref         0.00
Pass2:           0.01
Load/Ctrl:       0.00
Execution:       0.00
Output:          0.00
---------------------
Total:           0.02
