    Student GPSS/H Release 3.70 (CT256)      8 Apr 2022   12:05:51     File: D:\GPSSH2016\labs\1obr.gps

    Line# Stmt#  If Do  Block#  *Loc	Operation	A,B,C,D,E,F,G	Comments  
 
        1     1                        SIMULATE
        2     2              1         GENERATE   15,5        
        3     3              2         QUEUE      AAA
        4     4              3         SEIZE      MEM
        5     5              4         DEPART     AAA      
        6     6              5         ADVANCE    22,5      
        7     7              6         RELEASE    MEM     
        8     8              7         TERMINATE 1
        9     9                  
       10    10                        START      22  
       11    11                        END

Entity Dictionary (in ascending order by entity number; "*" => value conflict.)

       Facilities: 1=MEM

           Queues: 1=AAA

Symbol   Value   EQU Defns  Context      References by Statement Number
 
MEM          1              Facility         4     7
 
AAA          1              Queue            3     5



Storage Requirements (Bytes)

Compiled Code:      224
Compiled Data:       40
Miscellaneous:        0
Entities:           368
Common:           10000
-----------------------
Total:            10632



GPSS/H Model Size:

Control Statements      3
Blocks                  7



Simulation begins.

Relative Clock: 499.3667   Absolute Clock: 499.3667



Block Current     Total  
1                    32 
2          10        32 
3                    22 
4                    22 
5                    22 
6                    22 
7                    22 



          --Avg-Util-During--                                                               
Facility  Total  Avail  Unavl     Entries    Average   Current  Percent  Seizing  Preempting
           Time   Time   Time               Time/Xact   Status   Avail     Xact      Xact   
     MEM  0.975                        22      22.121    AVAIL                  



   Queue     Maximum      Average       Total        Zero     Percent      Average      $Average     Qtable     Current
            Contents     Contents      Entries     Entries     Zeros      Time/Unit    Time/Unit     Number    Contents
     AAA          10        4.407          32           1        3.1        68.778        70.996                     10



  Random    Antithetic     Initial     Current      Sample   Chi-Square
  Stream      Variates    Position    Position       Count   Uniformity
       1           OFF      100000      100055          55       N/A



Status of Common Storage

    8456 bytes available
    1544 in use
    1656 used (max)

Simulation complete.  Absolute Clock: 499.3667



Total Block Executions: 174

Blocks / second:        6105246

Microseconds / Block:   0.16



Elapsed Time Used (Sec)
 
Pass1:           0.00
Sym/Xref         0.01
Pass2:           0.00
Load/Ctrl:       0.00
Execution:       0.00
Output:          0.00
---------------------
Total:           0.01
