    Student GPSS/H Release 3.70 (CT256)     18 Apr 2022   15:03:47     File: D:\GPSSH2016\labs\Akchumichina.gps

    Line# Stmt#  If Do  Block#  *Loc	Operation	A,B,C,D,E,F,G	Comments  
 
        1     1                 SIMULATE
                                        +
*** ERROR  4 - Unrecognizable statement
 
        2     2                 GENERATE   15,5
                                           +
*** ERROR  4 - Unrecognizable statement
 
        3     3                 QUEUE      AAA
                                           +
*** ERROR  4 - Unrecognizable statement
 
        4     4                 SEIZE      MEM
                                           +
*** ERROR  4 - Unrecognizable statement
 
        5     5                 DEPART     AAA      
                                           +
*** ERROR  4 - Unrecognizable statement
 
        6     6                 ADVANCE    22,5      
                                           +
*** ERROR  4 - Unrecognizable statement
 
        7     7                 RELEASE    MEM     
                                           +
*** ERROR  4 - Unrecognizable statement
 
        8     8                 TERMINATE
                                         +
*** ERROR  4 - Unrecognizable statement
 
        9     9                  
       10    10                 GENERATE   500
                                           +
*** ERROR  4 - Unrecognizable statement
 
       11    11                 TERMINATE  1 
                                           +
*** ERROR  4 - Unrecognizable statement
 
       12    12                 START      1  
                                           +
*** ERROR  4 - Unrecognizable statement
 
       13    13                 END
                                   +
*** ERROR  4 - Unrecognizable statement
 
       14    14                  
       15    14                 	END		(COMPILER-GENERATED STATEMENT.  YOU FORGOT THIS.)
 
*** WARNING  5 - Unexpected end-of-file in source stream
 

Storage Requirements (Bytes)

Compiled Code:        6
Compiled Data:        0
Miscellaneous:        0
Entities:           176
Common:           10000
-----------------------
Total:            10182



GPSS/H Model Size:

Control Statements      1
Blocks                  0


12 Syntactic errors
