    Student GPSS/H Release 3.70 (CT256)     11 May 2022   18:42:36     File: H:\GPSSH2016\labs\coursach.gps

    Line# Stmt#  If Do  Block#  *Loc	Operation	A,B,C,D,E,F,G	Comments  
 
        1     1                 	SIMULATE
        2     2                   	REALLOСATE COM,32720
        3     3                         INITIAL X$COUNTER,0
        4     4                         INITIAL X$D1,0
        5     5                         INITIAL X$D2,0
        6     6                         INITIAL X$D3,0
        7     7                  
        8     8                 1 FUNCTION RN1,D2
        9     9                 .15,18/1,27
       10    10                  
       11    11                 2 FUNCTION RN1,D2
       12    12                 .25,47/1,36
       13    13                  
       14    14                  
       15    15              1          GENERATE 215,125,,30
       16    16              2          ASSIGN 1,1      *CPU NUMBER
       17    17              3          PRIORITY 127
       18    18              4          TRANSFER ,CPU1
       19    19                  
       20    20              5  WAIT1   ADVANCE FN1
       21    21              6  CPU1    QUEUE QCPU1
       22    22              7          SEIZE DCPU1
       23    23              8          DEPART QCPU1
       24    24              9          ADVANCE 30,5
       25    25             10          RELEASE DCPU1
       26    26             11          TRANSFER .3,KMM,CPU1
       27    27                  
       28    28             12          GENERATE 145,12,,25
       29    29             13          ASSIGN 1,2      *CPU NUMBER
       30    30             14          TRANSFER ,CPU2
       31    31                  
       32    32             15  WAIT2   ADVANCE FN1        
       33    33             16  CPU2    QUEUE QCPU2
       34    34             17          SEIZE DCPU2
       35    35             18          DEPART QCPU2
       36    36             19          ADVANCE 22,7
       37    37             20          RELEASE DCPU2
       38    38             21          TRANSFER .3,KMM,CPU2
       39    39                  
       40    40             22          GENERATE 130,5,,38
       41    41             23          ASSIGN 1,3      *CPU NUMBER
       42    42             24          TRANSFER ,CPU3
       43    43                  
       44    44             25  WAIT3   ADVANCE FN1
       45    45             26  CPU3    QUEUE QCPU3
       46    46             27          SEIZE DCPU3
       47    47             28          DEPART QCPU3
       48    48             29          ADVANCE 4
       49    49             30          RELEASE DCPU3
       50    50             31          TRANSFER .3,KMM,CPU3
       51    51                  
       52    52             32  WAIT4   ADVANCE FN1
       53    53             33  KMM     PREEMPT AAA,PR
       54    54             34          TEST E P1,1,KMM2
       55    55             35          ADVANCE 1
       56    56             36          RETURN AAA

    Student GPSS/H Release 3.70 (CT256)     11 May 2022   18:42:36     File: H:\GPSSH2016\labs\coursach.gps

    Line# Stmt#  If Do  Block#  *Loc	Operation	A,B,C,D,E,F,G	Comments  
 
       57    57             37          TRANSFER .5,CCPU,WAIT1
       58    58             38  KMM2    TEST E P1,2,KMM3
       59    59             39          ADVANCE 2
       60    60             40          RETURN AAA
       61    61             41          TRANSFER .5,CCPU,WAIT2
       62    62             42  KMM3    ADVANCE 3
       63    63             43          RETURN AAA
       64    64             44          TRANSFER .5,CCPU,WAIT3
       65    65                  
       66    66             45  CCPU    PREEMPT CVM,PR
       67    67             46          ADVANCE FN2
       68    68             47          RETURN CVM
       69    69             48          TEST L X$COUNTER,15,NET
       70    70             49          SAVEVALUE COUNTER,0
       71    71             50          SAVEVALUE COUNTER+,1
       72    72             51          TEST E P1,1,CCPU2
       73    73             52          SAVEVALUE D1+,1
       74    74             53  CCPU2   TEST E P1,2,CCPU3
       75    75             54          SAVEVALUE D2+,1
       76    76             55  CCPU3   TEST E P1,3,DESTR
       77    77             56          SAVEVALUE D3+,1
       78    78             57  DESTR   TERMINATE
       79    79             58  NET     TRANSFER ,WAIT4
       80    80                  
       81    81             59          GENERATE 12000
       82    82             60          TERMINATE 1
       83    83                         START 1
       84    84                         END

Entity Dictionary (in ascending order by entity number; "*" => value conflict.)

       Facilities: 1=DCPU1         2=DCPU2         3=DCPU3         4=AAA           5=CVM

           Queues: 1=QCPU1         2=QCPU2         3=QCPU3

        Functions: 1               2

 Fullword Savexes: 1=COUNTER       2=D1            3=D2            4=D3

       Parameters: 1

   Random Numbers: 1

Symbol   Value   EQU Defns  Context      References by Statement Number
 
CCPU        45          66  Block           57    61    64
CCPU2       53          74  Block           72
CCPU3       55          76  Block           74
CPU1         6          21  Block           18    26
CPU2        16          33  Block           30    38
CPU3        26          45  Block           42    50
DESTR       57          78  Block           76
KMM         33          53  Block           26    38    50
KMM2        38          58  Block           54
KMM3        42          62  Block           58
NET         58          79  Block           69
WAIT1        5          20  Block           57
WAIT2       15          32  Block           61
WAIT3       25          44  Block           64
WAIT4       32          52  Block           79
 
AAA          4              Facility        53    56    60    63
CVM          5              Facility        66    68
DCPU1        1              Facility        22    25
DCPU2        2              Facility        34    37
DCPU3        3              Facility        46    49
 
QCPU1        1              Queue           21    23
QCPU2        2              Queue           33    35
QCPU3        3              Queue           45    47
 
1            1           8  Function        20    32    44    52
2            2          11  Function        67
 
COUNTER      1              Fullword Svx     3    69    70    71
D1           2              Fullword Svx     4    73
D2           3              Fullword Svx     5    75
D3           4              Fullword Svx     6    77
 
1            1              Parameter       16    29    41    54    58    72    74    76
 
1            1              Random Nmbr      8    11



Storage Requirements (Bytes)

Compiled Code:     1846
Compiled Data:      224
Miscellaneous:        0
Entities:           718
Common:           32720
-----------------------
Total:            35508

GPSS/H Model Size:

Control Statements      9
Blocks                 60



Simulation begins.

Relative Clock: 12000.0000   Absolute Clock: 12000.0000



Block Current     Total  Block Current     Total  Block Current     Total  Block Current     Total  Block Current     Total
1                    30  11                   86  21                   56  31                  107  41                   43 
2                    30  12                   25  22                   38  WAIT4                 0  KMM3                 86 
3                    30  13                   25  23                   38  KMM                 186  43                   86 
4                    30  14                   25  24                   38  34                  186  44                   86 
WAIT1                27  WAIT2                18  WAIT3                48  35                   57  CCPU                 93 
CPU1                 86  CPU2                 56  CPU3                107  36                   57  46                   93 
7                    86  17                   56  27                  107  37                   57  47                   93 
8                    86  18                   56  28                  107  KMM2                129  48                   93 
9                    86  19                   56  29                  107  39                   43  49                   93 
10                   86  20                   56  30                  107  40                   43  50                   93 



Block Current     Total  
51                   93 
52                   30 
CCPU2                93 
54                   25 
CCPU3                93 
56                   38 
DESTR                93 
NET                   0 
59                    1 
60                    1 



          --Avg-Util-During--                                                               
Facility  Total  Avail  Unavl     Entries    Average   Current  Percent  Seizing  Preempting
           Time   Time   Time               Time/Xact   Status   Avail     Xact      Xact   
   DCPU1  0.214                        86      29.812    AVAIL                  
   DCPU2  0.103                        56      22.154    AVAIL                  
   DCPU3  0.036                       107       4.000    AVAIL                  
     AAA  0.033                       186       2.156    AVAIL                  
     CVM  0.305                        93      39.312    AVAIL                  



   Queue     Maximum      Average       Total        Zero     Percent      Average      $Average     Qtable     Current
            Contents     Contents      Entries     Entries     Zeros      Time/Unit    Time/Unit     Number    Contents
   QCPU1           2        0.010          86          81       94.2         1.401        24.105                      0
   QCPU2           2        0.007          56          52       92.9         1.517        21.232                      0
   QCPU3           1        0.000         107         107      100.0         0.000         0.000                      0



Non-zero Fullword Savevalues:  (NAME : VALUE)

 COUNTER:           1,       D1:          30,       D2:          25,       D3:          38

  Random    Antithetic     Initial     Current      Sample   Chi-Square
  Stream      Variates    Position    Position       Count   Uniformity
       1           OFF      100000      100859         859      0.63



Status of Common Storage

   32304 bytes available
     416 in use
    1336 used (max)

Simulation complete.  Absolute Clock: 12000.0000



Total Block Executions: 3980

Blocks / second:        31093750

Microseconds / Block:   0.03



Elapsed Time Used (Sec)
 
Pass1:           0.00
Sym/Xref         0.00
Pass2:           0.00
Load/Ctrl:       0.00
Execution:       0.00
Output:          0.01
---------------------
Total:           0.02
