    Student GPSS/H Release 3.70 (CT256)     25 Apr 2022   23:26:21     File: H:\GPSSH2016\labs\LABA3.GPS

    Line# Stmt#  If Do  Block#  *Loc	Operation	A,B,C,D,E,F,G	Comments  
 
        1     1                   SIMULATE
        2     2                   INITIAL	  X$AAA,0
        3     3                   INITIAL    X$NNN,20
        4     4              1    GENERATE   ,,,1,10         
        5     5              2  LAB1 TEST LE    X$AAA,X$NNN
        6     6              3    ADVANCE	  5
        7     7              4    SAVEVALUE  AAA+,1
        8     8              5    TRANSFER   ,LAB1
        9     9              6    GENERATE   ,,,1,5
       10    10              7  LAB2 TEST G     X$AAA,0
       11    11              8    SEIZE      CPU
       12    12              9    SAVEVALUE  AAA-,1
       13    13             10    ADVANCE    10
       14    14             11    RELEASE    CPU
       15    15             12    TRANSFER   .97,,LAB2
       16    16             13    SAVEVALUE  AAA,0
       17    17             14    SAVEVALUE  CB+,1
       18    18             15    TRANSFER   ,LAB2
       19    19             16    GENERATE   1500
       20    20             17    TERMINATE  1
       21    21                   START      1
       22    22                   END

Entity Dictionary (in ascending order by entity number; "*" => value conflict.)

       Facilities: 1=CPU

 Fullword Savexes: 1=AAA           2=NNN           3=CB

Symbol   Value   EQU Defns  Context      References by Statement Number
 
LAB1         2           5  Block            8
LAB2         7          10  Block           15    18
 
CPU          1              Facility        11    14
 
AAA          1              Fullword Svx     2     5     7    10    12    16
CB           3              Fullword Svx    17
NNN          2              Fullword Svx     3     5



Storage Requirements (Bytes)

Compiled Code:      378
Compiled Data:      120
Miscellaneous:        0
Entities:           304
Common:           10000
-----------------------
Total:            10802



GPSS/H Model Size:

Control Statements      5
Blocks                 17



Simulation begins.

Relative Clock: 1500.0000   Absolute Clock: 1500.0000



Block Current     Total  Block Current     Total  
1                     1  11                  146 
LAB1                250  12                  146 
3           1       250  13                    7 
4                   249  14                    7 
5                   249  15                    7 
6                     1  16                    1 
LAB2                147  17                    1 
8                   147 
9                   147 
10          1       147 



          --Avg-Util-During--                                                               
Facility  Total  Avail  Unavl     Entries    Average   Current  Percent  Seizing  Preempting
           Time   Time   Time               Time/Xact   Status   Avail     Xact      Xact   
     CPU  0.973                       147       9.932    AVAIL                2 



Non-zero Fullword Savevalues:  (NAME : VALUE)

     AAA:          11,      NNN:          20,       CB:           7



  Random    Antithetic     Initial     Current      Sample   Chi-Square
  Stream      Variates    Position    Position       Count   Uniformity
       1           OFF      100000      100146         146      0.48



Status of Common Storage

    9336 bytes available
     664 in use
     776 used (max)

Simulation complete.  Absolute Clock: 1500.0000



Total Block Executions: 1903

Blocks / second:        51711955

Microseconds / Block:   0.02



Elapsed Time Used (Sec)
 
Pass1:           0.00
Sym/Xref         0.00
Pass2:           0.00
Load/Ctrl:       0.00
Execution:       0.00
Output:          0.00
---------------------
Total:           0.00
